app/proguard-rules.pro
-keep class com.projector.remote.** { *; }
-keep class org.nanohttpd.** { *; }
-dontwarn org.nanohttpd.**