app/build/outputs/mapping/release/seeds.txt
com.projector.remote.NetworkUtils
com.projector.remote.R$attr
com.projector.remote.WebSocketServer$MessageCallback
com.projector.remote.BuildConfig
com.projector.remote.R$anim
com.projector.remote.R$integer
com.projector.remote.CombinedServer
com.projector.remote.R$string
com.projector.remote.R$id
com.projector.remote.R$bool
com.projector.remote.CombinedServer$MessageCallback
com.projector.remote.R$dimen
com.projector.remote.R$color
com.projector.remote.EventRouter
com.projector.remote.HttpServer
com.projector.remote.R$interpolator
com.projector.remote.R$style
com.projector.remote.R$layout
com.projector.remote.WebSocketServer$ClientHandler
com.projector.remote.R$mipmap
com.projector.remote.R$drawable
com.projector.remote.R$styleable
com.projector.remote.WebSocketServer
com.projector.remote.MainActivity
com.projector.remote.R$xml
com.projector.remote.InputAccessibilityService
com.projector.remote.R$animator
com.projector.remote.R
com.projector.remote.CombinedServer$WsClient
com.projector.remote.R$string: int abc_searchview_description_voice
com.projector.remote.R$drawable: int abc_list_selector_background_transition_holo_light
com.projector.remote.R$attr: int listLayout
com.projector.remote.R$style: int Base_V7_Widget_AppCompat_AutoCompleteTextView
com.projector.remote.R$id: int tag_unhandled_key_listeners
com.projector.remote.R$style: int TextAppearance_AppCompat_Widget_ActionMode_Subtitle_Inverse
com.projector.remote.R$color: int abc_tint_spinner
com.projector.remote.R$drawable: int notification_template_icon_low_bg
com.projector.remote.R$attr: int actionBarTheme
com.projector.remote.R$string: int open_accessibility
com.projector.remote.R$style: int Platform_V21_AppCompat_Light
com.projector.remote.R$style: int Widget_AppCompat_ActionBar_Solid
com.projector.remote.R$layout: int abc_alert_dialog_material
com.projector.remote.R$style: int Base_Widget_AppCompat_DrawerArrowToggle_Common
com.projector.remote.R$id: int tag_transition_group
com.projector.remote.R$attr: int tickMarkTint
com.projector.remote.R$styleable: int MenuGroup_android_id
com.projector.remote.R$anim: int abc_slide_out_bottom
com.projector.remote.R$id: int actions
com.projector.remote.R$style: int TextAppearance_Widget_AppCompat_Toolbar_Title
com.projector.remote.R$attr: int paddingStart
com.projector.remote.R$style: int Base_Widget_AppCompat_Light_ActionBar_TabBar
com.projector.remote.R$attr: int measureWithLargestChild
com.projector.remote.R$id: int right_side
com.projector.remote.R$color: int abc_tint_edittext
com.projector.remote.R$attr: int subtitleTextColor
com.projector.remote.R$styleable: int SwitchCompat_android_textOff
com.projector.remote.R$styleable: int AlertDialog_listLayout
com.projector.remote.R$style: int Base_V21_Theme_AppCompat_Dialog
com.projector.remote.R$id: int accessibility_custom_action_3
com.projector.remote.R$drawable: int abc_list_longpressed_holo
com.projector.remote.R$styleable: int MenuItem_showAsAction
com.projector.remote.R$id: int wrap_content
com.projector.remote.R$attr: int arrowHeadLength
com.projector.remote.CombinedServer: java.lang.String WS_MAGIC
com.projector.remote.R$style: int Widget_AppCompat_TextView_SpinnerItem
com.projector.remote.R$styleable: int FragmentContainerView_android_tag
com.projector.remote.R$styleable: int AnimatedStateListDrawableTransition_android_fromId
com.projector.remote.R$dimen: int abc_action_button_min_height_material
com.projector.remote.R$drawable: int ic_call_answer_video_low
com.projector.remote.R$id: int titleDividerNoCustom
com.projector.remote.InputAccessibilityService: float dragStartY
com.projector.remote.R$styleable: int AppCompatTheme_dialogTheme
com.projector.remote.R$dimen: int hint_pressed_alpha_material_dark
com.projector.remote.R$style: int Base_V28_Theme_AppCompat_Light
com.projector.remote.R$id: int action_container
com.projector.remote.R$dimen: int abc_list_item_padding_horizontal_material
com.projector.remote.R$attr: int textAppearanceListItemSecondary
...
androidx.emoji2.text.ConcurrencyHelpers$Handler28Impl: android.os.Handler createAsync(android.os.Looper)
androidx.appcompat.widget.ViewStubCompat: void setLayoutResource(int)
androidx.core.view.MenuItemCompat$Api26Impl: android.view.MenuItem setTooltipText(android.view.MenuItem,java.lang.CharSequence)
androidx.fragment.app.FragmentActivity: void startIntentSenderFromFragment(androidx.fragment.app.Fragment,android.content.IntentSender,int,android.content.Intent,int,int,int,android.os.Bundle)
androidx.appcompat.widget.ContentFrameLayout: void setAttachListener(androidx.appcompat.widget.ContentFrameLayout$OnAttachListener)
androidx.appcompat.widget.AppCompatCheckedTextView: android.graphics.PorterDuff$Mode getSupportCheckMarkTintMode()
fi.iki.elonen.NanoHTTPD: void closeAllConnections()
androidx.core.widget.TextViewCompat$Api17Impl: int getLayoutDirection(android.view.View)
androidx.appcompat.widget.AppCompatCheckedTextView: android.graphics.PorterDuff$Mode getSupportBackgroundTintMode()
androidx.appcompat.widget.Toolbar: java.lang.CharSequence getNavigationContentDescription()
androidx.core.view.accessibility.AccessibilityNodeInfoCompat$Api30Impl: void setStateDescription(android.view.accessibility.AccessibilityNodeInfo,java.lang.CharSequence)
androidx.core.view.ViewCompat$Api28Impl: void setAutofillId(android.view.View,android.view.autofill.AutofillId)
androidx.appcompat.widget.AppCompatRadioButton: void setSupportBackgroundTintList(android.content.res.ColorStateList)
androidx.fragment.app.FragmentActivity: void onRequestPermissionsResult(int,java.lang.String[],int[])
androidx.core.view.WindowInsetsCompat$Impl29: WindowInsetsCompat$Impl29(androidx.core.view.WindowInsetsCompat,android.view.WindowInsets)
androidx.versionedparcelable.CustomVersionedParcelable: CustomVersionedParcelable()
androidx.core.widget.TextViewCompat$Api23Impl: android.graphics.PorterDuff$Mode getCompoundDrawableTintMode(android.widget.TextView)
androidx.appcompat.widget.SearchView: java.lang.CharSequence getQueryHint()
androidx.core.view.WindowInsetsCompat$BuilderImpl20: android.view.WindowInsets createWindowInsetsInstance()
androidx.core.widget.CompoundButtonCompat$Api21Impl: void setButtonTintMode(android.widget.CompoundButton,android.graphics.PorterDuff$Mode)
fi.iki.elonen.NanoHTTPD: javax.net.ssl.SSLServerSocketFactory makeSSLSocketFactory(java.security.KeyStore,javax.net.ssl.KeyManagerFactory)
androidx.appcompat.widget.DialogTitle: DialogTitle(android.content.Context,android.util.AttributeSet)
androidx.appcompat.widget.Toolbar: void setTitle(java.lang.CharSequence)
androidx.appcompat.widget.ListPopupWindow$Api24Impl: int getMaxAvailableHeight(android.widget.PopupWindow,android.view.View,int,boolean)
androidx.core.view.ViewCompat$Api21Impl: android.content.res.ColorStateList getBackgroundTintList(android.view.View)
androidx.vectordrawable.graphics.drawable.VectorDrawableCompat$VPath: androidx.core.graphics.PathParser$PathDataNode[] getPathData()
androidx.core.util.ObjectsCompat$Api19Impl: boolean equals(java.lang.Object,java.lang.Object)
androidx.appcompat.widget.AppCompatTextView: void setLastBaselineToBottomHeight(int)
androidx.appcompat.widget.SearchView: void setQuery(java.lang.CharSequence)
androidx.core.os.TraceCompat$Api18Impl: void beginSection(java.lang.String)
androidx.appcompat.widget.ActionMenuView: int getPopupTheme()
androidx.core.view.accessibility.AccessibilityNodeInfoCompat$Api34Impl: void getBoundsInWindow(android.view.accessibility.AccessibilityNodeInfo,android.graphics.Rect)
androidx.core.graphics.PaintCompat$Api23Impl: boolean hasGlyph(android.graphics.Paint,java.lang.String)
androidx.core.graphics.drawable.DrawableCompat$Api21Impl: android.graphics.ColorFilter getColorFilter(android.graphics.drawable.Drawable)
androidx.core.widget.CompoundButtonCompat$Api21Impl: android.graphics.PorterDuff$Mode getButtonTintMode(android.widget.CompoundButton)