app/build/outputs/mapping/release/mapping.txt
# compiler: R8
# compiler_version: 4.0.52
# min_api: 21
# common_typos_disable
# {"id":"com.android.tools.r8.mapping","version":"2.1"}
# pg_map_id: 71fa30c
# pg_map_hash: SHA-256 71fa30c9a2fde3593e46310e84b8e899abc8d473f7a3f3b29f23be6fbb8fc844
com.projector.remote.CombinedServer -> com.projector.remote.CombinedServer:
    void $r8$lambda$B1V3L4DWmG7m47pC73A6kI8U9rM(com.projector.remote.CombinedServer,java.net.Socket) -> a
      # {"id":"com.android.tools.r8.synthesized"}
    void $r8$lambda$L-idExkHqUSX3zPLBkPj3bYtVac(com.projector.remote.CombinedServer) -> b
      # {"id":"com.android.tools.r8.synthesized"}
com.projector.remote.EventRouter -> com.projector.remote.EventRouter:
    void $r8$lambda$iZIjONCuFCtjqS17nHEzu3j3y_w(com.projector.remote.EventRouter,java.lang.String) -> a
      # {"id":"com.android.tools.r8.synthesized"}
com.projector.remote.HttpServer -> com.projector.remote.HttpServer:
    3:6:java.lang.String fi.iki.elonen.NanoHTTPD$HTTPSession.getUri():0:0 -> serve
    3:6:fi.iki.elonen.NanoHTTPD$Response serve(fi.iki.elonen.NanoHTTPD$IHTTPSession):0 -> serve
      # {"id":"com.android.tools.r8.rewriteFrame","conditions":["throws(Ljava/lang/NullPointerException;)"],"actions":["removeInnerFrames(1)"]}
    7:124:fi.iki.elonen.NanoHTTPD$Response serve(fi.iki.elonen.NanoHTTPD$IHTTPSession):0:0 -> serve
com.projector.remote.InputAccessibilityService -> com.projector.remote.InputAccessibilityService:
    void $r8$lambda$EPALpGVIDXhPIBSKhZVz5otOTeg(com.projector.remote.InputAccessibilityService,float,float) -> a
      # {"id":"com.android.tools.r8.synthesized"}
com.projector.remote.InputAccessibilityService$$ExternalSyntheticLambda0 -> com.projector.remote.a:
# {"id":"sourceFile","fileName":"R8$$SyntheticClass"}
# {"id":"com.android.tools.r8.synthesized"}
    com.projector.remote.InputAccessibilityService com.projector.remote.InputAccessibilityService$$InternalSyntheticLambda$1$08e1b987f933e0b26fd826586ab574032f31dc7003cb4bcdce5334b0bf454b7a$0.f$0 -> b
    float com.projector.remote.InputAccessibilityService$$InternalSyntheticLambda$1$08e1b987f933e0b26fd826586ab574032f31dc7003cb4bcdce5334b0bf454b7a$0.f$2 -> d
    float com.projector.remote.InputAccessibilityService$$InternalSyntheticLambda$1$08e1b987f933e0b26fd826586ab574032f31dc7003cb4bcdce5334b0bf454b7a$0.f$1 -> c
    void com.projector.remote.InputAccessibilityService$$InternalSyntheticLambda$1$08e1b987f933e0b26fd826586ab574032f31dc7003cb4bcdce5334b0bf454b7a$0.<init>(com.projector.remote.InputAccessibilityService,float,float) -> <init>
      # {"id":"com.android.tools.r8.synthesized"}
    void com.projector.remote.InputAccessibilityService$$InternalSyntheticLambda$1$08e1b987f933e0b26fd826586ab574032f31dc7003cb4bcdce5334b0bf454b7a$0.run() -> run
      # {"id":"com.android.tools.r8.synthesized"}
com.projector.remote.MainActivity -> com.projector.remote.MainActivity:
    void $r8$lambda$HmBNPu3Z6Z81UYKktBVnzOuZQlc(com.projector.remote.MainActivity,android.view.View) -> c
      # {"id":"com.android.tools.r8.synthesized"}
    void $r8$lambda$xR5ojqev9pzML0h19pjaxLLidjM(com.projector.remote.MainActivity) -> d
      # {"id":"com.android.tools.r8.synthesized"}
    5:6:int com.google.zxing.common.BitMatrix.getWidth():0:0 -> generateQrCode
    5:6:void generateQrCode(java.lang.String):0 -> generateQrCode
    7:10:int com.google.zxing.common.BitMatrix.getHeight():0:0 -> generateQrCode
    7:10:void generateQrCode(java.lang.String):0 -> generateQrCode
    11:22:void generateQrCode(java.lang.String):0:0 -> generateQrCode
    23:47:boolean com.google.zxing.common.BitMatrix.get(int,int):0:0 -> generateQrCode
    23:47:void generateQrCode(java.lang.String):0 -> generateQrCode
    48:96:void generateQrCode(java.lang.String):0:0 -> generateQrCode
...
androidx.fragment.app.FragmentManagerViewModel -> androidx.fragment.app.u:
    androidx.lifecycle.ViewModelProvider$Factory FACTORY -> j
    boolean mIsStateSaved -> i
    boolean mStateAutomaticallySaved -> g
    boolean mHasBeenCleared -> h
    java.util.HashMap mViewModelStores -> f
    java.util.HashMap mChildNonConfigs -> e
    java.util.HashMap mRetainedFragments -> d
    void onCleared() -> b
    void removeRetainedFragment(androidx.fragment.app.Fragment) -> c
androidx.fragment.app.FragmentManagerViewModel$1 -> androidx.fragment.app.u$a:
    androidx.lifecycle.ViewModel create(java.lang.Class) -> a
    androidx.lifecycle.ViewModel create(java.lang.Class,androidx.lifecycle.viewmodel.CreationExtras) -> b
      # {"id":"com.android.tools.r8.synthesized"}
androidx.fragment.app.FragmentOnAttachListener -> androidx.fragment.app.v:
    void onAttachFragment(androidx.fragment.app.FragmentManager,androidx.fragment.app.Fragment) -> a
androidx.fragment.app.FragmentState -> androidx.fragment.app.w:
    java.lang.String mTag -> g
    int mMaxLifecycleState -> m
    boolean mRemoving -> i
    boolean mDetached -> j
    boolean mHidden -> l
    int mContainerId -> f
    int mFragmentId -> e
    android.os.Bundle mArguments -> k
    android.os.Bundle mSavedFragmentState -> n
    boolean mRetainInstance -> h
    java.lang.String mWho -> c
    java.lang.String mClassName -> b
    boolean mFromLayout -> d
androidx.fragment.app.FragmentState$1 -> androidx.fragment.app.w$a:
    0:65535:androidx.fragment.app.FragmentState createFromParcel(android.os.Parcel):0:0 -> createFromParcel
    0:65535:java.lang.Object createFromParcel(android.os.Parcel):0 -> createFromParcel
    0:65535:androidx.fragment.app.FragmentState[] newArray(int):0:0 -> newArray
    0:65535:java.lang.Object[] newArray(int):0 -> newArray
androidx.fragment.app.FragmentStateManager -> androidx.fragment.app.x:
    androidx.fragment.app.FragmentLifecycleCallbacksDispatcher mDispatcher -> a
    androidx.fragment.app.FragmentStore mFragmentStore -> b
    int mFragmentManagerState -> e
    androidx.fragment.app.Fragment mFragment -> c
    boolean mMovingToState -> d
    29:33:void androidx.fragment.app.Fragment.setArguments(android.os.Bundle):0:0 -> <init>
    29:33:void <init>(androidx.fragment.app.FragmentLifecycleCallbacksDispatcher,androidx.fragment.app.FragmentStore,java.lang.ClassLoader,androidx.fragment.app.FragmentFactory,androidx.fragment.app.FragmentState):0 -> <init>
      # {"id":"com.android.tools.r8.rewriteFrame","conditions":["throws(Ljava/lang/NullPointerException;)"],"actions":["removeInnerFrames(1)"]}
    34:45:boolean androidx.fragment.app.FragmentManager.isStateSaved():0:0 -> <init>
    34:45:boolean androidx.fragment.app.Fragment.isStateSaved():0 -> <init>
    34:45:void androidx.fragment.app.Fragment.setArguments(android.os.Bundle):0 -> <init>
    34:45:void <init>(androidx.fragment.app.FragmentLifecycleCallbacksDispatcher,androidx.fragment.app.FragmentStore,java.lang.ClassLoader,androidx.fragment.app.FragmentFactory,androidx.fragment.app.FragmentState):0 -> <init>
    46:55:void androidx.fragment.app.Fragment.setArguments(android.os.Bundle):0:0 -> <init>