app/build/outputs/mapping/release/usage.txt
com.projector.remote.CombinedServer$$InternalSyntheticLambda$1$b60fe9b9ce0a46d70c0c1aba963454040fba4a7130983691173a1c1956e84946$0
com.projector.remote.CombinedServer$$InternalSyntheticLambda$1$e5f5370469b20a0d8d5ca6868f8fc88d131a54ce5c6aaa41fca9f90dbb29dce1$0
com.projector.remote.EventRouter$$InternalSyntheticLambda$1$6e68bf3df69c9f1970f3f1377a3f82eaf2dd22636f3aa94feb87460860754620$0
com.projector.remote.InputAccessibilityService$$InternalSyntheticApiModelOutline$1$758023d16f99d88afea050e665b34ca20aafa04474179a996aa37d30fb415998$0
com.projector.remote.InputAccessibilityService$$InternalSyntheticApiModelOutline$1$758023d16f99d88afea050e665b34ca20aafa04474179a996aa37d30fb415998$1
com.projector.remote.InputAccessibilityService$$InternalSyntheticApiModelOutline$1$7e0ab19ae5b4f62aa52772083ffeed40195c64360dda0d341008f9947d9fc0a9$0
com.projector.remote.InputAccessibilityService$$InternalSyntheticApiModelOutline$1$7e0ab19ae5b4f62aa52772083ffeed40195c64360dda0d341008f9947d9fc0a9$1
com.projector.remote.InputAccessibilityService$$InternalSyntheticApiModelOutline$1$9741ab3f01fdeb04beed13fd44d4ba3049d987aebe32f1864d1c395c40f1f48a$0
com.projector.remote.InputAccessibilityService$$InternalSyntheticApiModelOutline$1$9741ab3f01fdeb04beed13fd44d4ba3049d987aebe32f1864d1c395c40f1f48a$1
com.projector.remote.InputAccessibilityService$$InternalSyntheticApiModelOutline$1$dec506a53ebbf4492d948b09923937db9a79c456c891a86027bb20113fa40519$0
com.projector.remote.InputAccessibilityService$$InternalSyntheticApiModelOutline$1$dec506a53ebbf4492d948b09923937db9a79c456c891a86027bb20113fa40519$1
com.projector.remote.MainActivity$$InternalSyntheticLambda$1$0b4dca87896b99c4e8cfb9c3a25de469dca8ccc31aa521fc3483d7dc0ad723b2$0
com.projector.remote.WebSocketServer$$InternalSyntheticLambda$1$efc5f0b44793d97530e3e9bff4602b8a16e18854196687583d73e9d36080e128$0
...
androidx.appcompat.app.AppCompatDelegateImpl$PanelFeatureState:
    public boolean qwertyMode
    public final int x
    public final int y
    public static androidx.appcompat.view.menu.MenuView getListMenuView()
    public static boolean hasPanelItems()
    public final void setMenu(androidx.appcompat.view.menu.MenuBuilder)
    public static void setStyle()
androidx.appcompat.app.AppCompatDelegateImpl:
    public static final boolean IS_PRE_LOLLIPOP
    public androidx.appcompat.app.LayoutIncludeDetector mLayoutIncludeDetector
    public static final boolean sInstalledExceptionHandler
    public final void applyApplicationSpecificConfig()
    public final void applyDayNight()
    public static void applyFixedSizeWindow()
    public final int calculateNightMode()
    public static void cleanupAutoManagers()
    public static void closePanel()
    public static android.view.ViewGroup createSubDecor()
    public static android.view.View createView()
    public static void dismissPopups()
    public final void endOnGoingFadeAnimation()
    public final androidx.appcompat.app.AppCompatDelegateImpl$PanelFeatureState findMenuPanel(androidx.appcompat.view.menu.MenuBuilder)
    public final android.content.Context getActionBarThemedContext()
    public static int getActivityHandlesConfigChangesFlags()
    public final androidx.appcompat.app.AppCompatDelegateImpl$AutoNightModeManager getAutoBatteryNightModeManager(android.content.Context)
    public final java.lang.CharSequence getTitle()
    public static boolean initializePanelContent()
    public static boolean initializePanelDecor()
    public static boolean initializePanelMenu()
    public final void invalidatePanelMenu(int)
    public static boolean isHandleNativeActionModesEnabled()
    public static boolean onKeyDown()
    public static boolean onKeyDownPanel()
androidx.appcompat.app.AppCompatDialog:
    public static int getThemeResId(android.content.Context,int)
    public final boolean supportRequestWindowFeature(int)
androidx.appcompat.app.AppCompatViewInflater$DeclaredOnClickListener:
    public static void resolveMethod()
androidx.appcompat.app.AppCompatViewInflater:
    public static void backportAccessibilityAttributes()
    public static void checkOnClickListener()
    public static androidx.appcompat.widget.AppCompatAutoCompleteTextView createAutoCompleteTextView()
    public static androidx.appcompat.widget.AppCompatButton createButton()
    public static androidx.appcompat.widget.AppCompatCheckBox createCheckBox()
    public static androidx.appcompat.widget.AppCompatCheckedTextView createCheckedTextView()
    public static androidx.appcompat.widget.AppCompatEditText createEditText()
    public static androidx.appcompat.widget.AppCompatImageButton createImageButton()
    public static androidx.appcompat.widget.AppCompatImageView createImageView()
    public static androidx.appcompat.widget.AppCompatMultiAutoCompleteTextView createMultiAutoCompleteTextView()
    public static androidx.appcompat.widget.AppCompatRadioButton createRadioButton()
    public static androidx.appcompat.widget.AppCompatRatingBar createRatingBar()
    public static androidx.appcompat.widget.AppCompatSeekBar createSeekBar()
    public static androidx.appcompat.widget.AppCompatSpinner createSpinner()
    public static androidx.appcompat.widget.AppCompatTextView createTextView()
    public static androidx.appcompat.widget.AppCompatToggleButton createToggleButton()
    public static android.view.View createView()
    public static android.view.View createView$1()
    public static android.view.View createViewFromTag()